{"/workspace/game-character/src/js/character.js": {"path":"/workspace/game-character/src/js/character.js","statementMap":{"0":{"start":{"line":2,"column":20},"end":{"line":4,"column":5}},"1":{"start":{"line":6,"column":4},"end":{"line":6,"column":21}},"2":{"start":{"line":9,"column":0},"end":{"line":9,"column":27}}},"fnMap":{"0":{"name":"character","decl":{"start":{"line":1,"column":9},"end":{"line":1,"column":18}},"loc":{"start":{"line":1,"column":21},"end":{"line":7,"column":1}},"line":1}},"branchMap":{},"s":{"0":1,"1":1,"2":1},"f":{"0":1},"b":{},"_coverageSchema":"1a1c01bbd47fc00a2c39e90264f33305004495a9","hash":"cb4cceb71dd7a2a725c2f5c6a62f015651551ef7"}
}
